<?xml version="1.0" encoding="UTF-8"?>
<!-- Generated by org.testng.reporters.JUnitXMLReporter -->
<testsuite ignored="0" hostname="DESKTOP-GBM2HHG" failures="0" tests="4" name="Test" time="0.074" errors="0" timestamp="04 Jun 2025 06:57:43 GMT">
  <testcase classname="pac1.ContactTest" name="createcontactTest" time="0.015"/>
  <testcase classname="pac1.ContactTest" name="modifycontactTest" time="0.0"/>
  <testcase classname="pac2.OrgTest" name="createOrgTest" time="0.002"/>
  <testcase classname="pac2.OrgTest" name="modifyOrgTest" time="0.0"/>
</testsuite> <!-- Test -->
