<?xml version="1.0" encoding="UTF-8"?>
<testng-results ignored="0" total="4" passed="4" failed="0" skipped="0">
  <reporter-output>
  </reporter-output>
  <suite started-at="2025-06-04T06:57:43Z" name="Suite" finished-at="2025-06-04T06:57:43Z" duration-ms="74">
    <groups>
    </groups>
    <test started-at="2025-06-04T06:57:43Z" name="Test" finished-at="2025-06-04T06:57:43Z" duration-ms="74">
      <class name="pac1.ContactTest">
        <test-method signature="createcontactTest()[pri:0, instance:pac1.ContactTest@5a56cdac]" started-at="2025-06-04T06:57:43Z" name="createcontactTest" finished-at="2025-06-04T06:57:43Z" duration-ms="15" status="PASS">
          <reporter-output>
          </reporter-output>
        </test-method> <!-- createcontactTest -->
        <test-method signature="modifycontactTest()[pri:0, instance:pac1.ContactTest@5a56cdac]" started-at="2025-06-04T06:57:43Z" name="modifycontactTest" finished-at="2025-06-04T06:57:43Z" duration-ms="0" status="PASS">
          <reporter-output>
          </reporter-output>
        </test-method> <!-- modifycontactTest -->
      </class> <!-- pac1.ContactTest -->
      <class name="pac2.OrgTest">
        <test-method signature="createOrgTest()[pri:0, instance:pac2.OrgTest@7c711375]" started-at="2025-06-04T06:57:43Z" name="createOrgTest" finished-at="2025-06-04T06:57:43Z" duration-ms="2" status="PASS">
          <reporter-output>
          </reporter-output>
        </test-method> <!-- createOrgTest -->
        <test-method signature="modifyOrgTest()[pri:0, instance:pac2.OrgTest@7c711375]" started-at="2025-06-04T06:57:43Z" name="modifyOrgTest" finished-at="2025-06-04T06:57:43Z" duration-ms="0" status="PASS">
          <reporter-output>
          </reporter-output>
        </test-method> <!-- modifyOrgTest -->
      </class> <!-- pac2.OrgTest -->
    </test> <!-- Test -->
  </suite> <!-- Suite -->
</testng-results>
