<?xml version="1.0" encoding="UTF-8"?>
<!-- Generated by org.testng.reporters.JUnitXMLReporter -->
<testsuite ignored="0" hostname="DESKTOP-GBM2HHG" failures="0" tests="4" name="Surefire test" time="0.035" errors="0" timestamp="02 Jun 2025 11:38:19 GMT">
  <testcase classname="pac1.ContactTest" name="createcontactTest" time="0.007"/>
  <testcase classname="pac1.ContactTest" name="modifycontactTest" time="0.001"/>
  <testcase classname="pac2.OrgTest" name="createOrgTest" time="0.001"/>
  <testcase classname="pac2.OrgTest" name="modifyOrgTest" time="0.002"/>
</testsuite> <!-- Surefire test -->
